#
# An unexpected error has occurred (11)
#
Stack:
/home/computador/Desktop/Xilinx/Vivado/2019.2/tps/lnx64/jre9.0.4/lib//server/libjvm.so(+0xb6aadb) [0x7f4bee86aadb]
/home/computador/Desktop/Xilinx/Vivado/2019.2/tps/lnx64/jre9.0.4/lib//server/libjvm.so(JVM_handle_linux_signal+0xbb) [0x7f4bee86fe1b]
/home/computador/Desktop/Xilinx/Vivado/2019.2/tps/lnx64/jre9.0.4/lib//server/libjvm.so(+0xb647b8) [0x7f4bee8647b8]
/lib/x86_64-linux-gnu/libc.so.6(+0x430c0) [0x7f4c387740c0]
/home/computador/Desktop/Xilinx/Vivado/2019.2/lib/lnx64.o/librdi_simbridge_kernel.so(SimBridge::CArray::empty() const+0) [0x7f4bf36f2540]
/home/computador/Desktop/Xilinx/Vivado/2019.2/lib/lnx64.o/librdi_simbridge_kernel.so(SimBridge::WdbEventBlock::addBlock(SimBridge::WdbIBlockManager&, unsigned int&) const+0x1e) [0x7f4bf36f2c1e]
/home/computador/Desktop/Xilinx/Vivado/2019.2/lib/lnx64.o/librdi_simbridge_kernel.so(SimBridge::WdbMultipleBucketEventDatabase::getEventBlockDatabaseIterator(std::vector<SimBridge::WdbScalarBTree*, std::allocator<SimBridge::WdbScalarBTree*> > const&, std::vector<boost::shared_ptr<SimBridge::WdbIEventBlockIterator>, std::allocator<boost::shared_ptr<SimBridge::WdbIEventBlockIterator> > >&, std::vector<std::vector<SimBridge::WdbScalarBTree*, std::allocator<SimBridge::WdbScalarBTree*> >, std::allocator<std::vector<SimBridge::WdbScalarBTree*, std::allocator<SimBridge::WdbScalarBTree*> > > >&) const+0x691) [0x7f4bf370bfd1]
/home/computador/Desktop/Xilinx/Vivado/2019.2/lib/lnx64.o/librdi_simbridge_kernel.so(SimBridge::WdbAddressBTreeManager::scanWdbDatabaseMultiThread(std::vector<SimBridge::WdbScalarBTree*, std::allocator<SimBridge::WdbScalarBTree*> > const&, ISIM::IGuiStatus*)+0xc4) [0x7f4bf36e9b74]
/home/computador/Desktop/Xilinx/Vivado/2019.2/lib/lnx64.o/librdi_wavedata.so(SimBridge::DataObjMgr::createDrawingBTree(std::vector<SimBridge::IDataObj const*, std::allocator<SimBridge::IDataObj const*> > const&, ISIM::IGuiStatus*, bool)+0x32a) [0x7f4bfcccac1a]
/home/computador/Desktop/Xilinx/Vivado/2019.2/lib/lnx64.o/librdi_wavedata.so(SG_Model::Model::createDrawingBTree(std::vector<SG_Model::WVDataObject*, std::allocator<SG_Model::WVDataObject*> > const&, ISIM::IGuiStatus*) const+0x21b) [0x7f4bfcd7d6eb]
/home/computador/Desktop/Xilinx/Vivado/2019.2/lib/lnx64.o/librdi_wavedata.so(SG_Model::Model::createDrawingBTree(SG_Model::WVDataObject*, ISIM::IGuiStatus*) const+0x5d) [0x7f4bfcd7d87d]
/home/computador/Desktop/Xilinx/Vivado/2019.2/lib/lnx64.o/librdi_wavedata.so(SG_Model::Model::read(std::__cxx11::basic_string<char, std::char_traits<char>, std::allocator<char> > const&, SG_Model::IReporter&, ISIM::IGuiStatus*)+0x223) [0x7f4bfcd81323]
/home/computador/Desktop/Xilinx/Vivado/2019.2/lib/lnx64.o/librdi_wavedata.so(WVDAppInterface::WVDWindowManager::openWcfg(std::__cxx11::basic_string<char, std::char_traits<char>, std::allocator<char> > const&, SG_Model::IDesignManager::ConnectMode, ISIM::IGuiStatus*)+0x143) [0x7f4bfcc4e983]
/home/computador/Desktop/Xilinx/Vivado/2019.2/lib/lnx64.o/librdi_wavedatatasks.so(+0xa2ad3) [0x7f4ba89edad3]
/home/computador/Desktop/Xilinx/Vivado/2019.2/lib/lnx64.o/librdi_common.so(+0x86eca2) [0x7f4c3994dca2]
/home/computador/Desktop/Xilinx/Vivado/2019.2/lib/lnx64.o/libtcl8.5.so(+0x334af) [0x7f4c3402e4af]
/home/computador/Desktop/Xilinx/Vivado/2019.2/lib/lnx64.o/libtcl8.5.so(Tcl_EvalObjv+0x32) [0x7f4c3402e5e2]
/home/computador/Desktop/Xilinx/Vivado/2019.2/lib/lnx64.o/libtcl8.5.so(TclEvalObjEx+0x322) [0x7f4c34030402]
/home/computador/Desktop/Xilinx/Vivado/2019.2/lib/lnx64.o/librdi_common.so(hdi::tcltasks::task_manager::eval_in_tcl(Tcl_Interp*, Tcl_Obj*, char const*, bool)+0xab9) [0x7f4c3994fad9]
/home/computador/Desktop/Xilinx/Vivado/2019.2/lib/lnx64.o/librdi_simtcltasks.so(+0x13af82) [0x7f4ba931bf82]
/home/computador/Desktop/Xilinx/Vivado/2019.2/lib/lnx64.o/librdi_common.so(+0x86eca2) [0x7f4c3994dca2]
/home/computador/Desktop/Xilinx/Vivado/2019.2/lib/lnx64.o/libtcl8.5.so(+0x334af) [0x7f4c3402e4af]
/home/computador/Desktop/Xilinx/Vivado/2019.2/lib/lnx64.o/libtcl8.5.so(+0x34b38) [0x7f4c3402fb38]
/home/computador/Desktop/Xilinx/Vivado/2019.2/lib/lnx64.o/libtcl8.5.so(Tcl_EvalEx+0x13) [0x7f4c340300a3]
/home/computador/Desktop/Xilinx/Vivado/2019.2/lib/lnx64.o/libtcl8.5.so(TclEvalObjEx+0x1e0) [0x7f4c340302c0]
/home/computador/Desktop/Xilinx/Vivado/2019.2/lib/lnx64.o/libtcl8.5.so(+0x3b375) [0x7f4c34036375]
/home/computador/Desktop/Xilinx/Vivado/2019.2/lib/lnx64.o/libtcl8.5.so(+0x334af) [0x7f4c3402e4af]
/home/computador/Desktop/Xilinx/Vivado/2019.2/lib/lnx64.o/libtcl8.5.so(+0x76875) [0x7f4c34071875]
/home/computador/Desktop/Xilinx/Vivado/2019.2/lib/lnx64.o/libtcl8.5.so(+0x7e029) [0x7f4c34079029]
/home/computador/Desktop/Xilinx/Vivado/2019.2/lib/lnx64.o/libtcl8.5.so(TclEvalObjEx+0x76) [0x7f4c34030156]
/home/computador/Desktop/Xilinx/Vivado/2019.2/lib/lnx64.o/librdi_commontasks.so(+0x294bf4) [0x7f4c2e98fbf4]
/home/computador/Desktop/Xilinx/Vivado/2019.2/lib/lnx64.o/libtcl8.5.so(+0x334af) [0x7f4c3402e4af]
/home/computador/Desktop/Xilinx/Vivado/2019.2/lib/lnx64.o/libtcl8.5.so(+0x76875) [0x7f4c34071875]
/home/computador/Desktop/Xilinx/Vivado/2019.2/lib/lnx64.o/libtcl8.5.so(TclObjInterpProcCore+0x420) [0x7f4c340b2df0]
/home/computador/Desktop/Xilinx/Vivado/2019.2/lib/lnx64.o/libtcl8.5.so(+0x334af) [0x7f4c3402e4af]
/home/computador/Desktop/Xilinx/Vivado/2019.2/lib/lnx64.o/libtcl8.5.so(Tcl_EvalObjv+0x32) [0x7f4c3402e5e2]
/home/computador/Desktop/Xilinx/Vivado/2019.2/lib/lnx64.o/libtcl8.5.so(TclEvalObjEx+0x322) [0x7f4c34030402]
/home/computador/Desktop/Xilinx/Vivado/2019.2/lib/lnx64.o/librdi_tcltasks.so(SimUtils::detail::execStep(Tcl_Interp*, std::__cxx11::basic_ostringstream<char, std::char_traits<char>, std::allocator<char> >&, std::__cxx11::basic_string<char, std::char_traits<char>, std::allocator<char> > const&, std::__cxx11::basic_string<char, std::char_traits<char>, std::allocator<char> > const&, std::__cxx11::basic_string<char, std::char_traits<char>, std::allocator<char> >&, bool&)+0x1fe) [0x7f4c2c46bfde]
/home/computador/Desktop/Xilinx/Vivado/2019.2/lib/lnx64.o/librdi_tcltasks.so(SimUtils::detail::execSimStep(Tcl_Interp*, std::__cxx11::basic_ostringstream<char, std::char_traits<char>, std::allocator<char> >&, HAPUFSimulator*, HAPUFSimulator::TclProc, std::__cxx11::basic_string<char, std::char_traits<char>, std::allocator<char> > const&, bool, HADAFileSet*, std::__cxx11::basic_string<char, std::char_traits<char>, std::allocator<char> > const&, HAPUFSimulator::SimulationStep, bool, HDGUIStatus*)+0x75) [0x7f4c2c46c2f5]
/home/computador/Desktop/Xilinx/Vivado/2019.2/lib/lnx64.o/librdi_tcltasks.so(HTCSimUtils::executeStep(Tcl_Interp*, HADAFileSet*, HADAFileSet*, HAPUFSimulator*, HDGUIStatus*, std::__cxx11::basic_string<char, std::char_traits<char>, std::allocator<char> > const&, std::__cxx11::basic_string<char, std::char_traits<char>, std::allocator<char> > const&, std::__cxx11::basic_string<char, std::char_traits<char>, std::allocator<char> > const&, bool, bool, bool, std::__cxx11::basic_ostringstream<char, std::char_traits<char>, std::allocator<char> >&)+0x4b7) [0x7f4c2c46c957]
/home/computador/Desktop/Xilinx/Vivado/2019.2/lib/lnx64.o/librdi_tcltasks.so(+0x182d0c6) [0x7f4c2c4160c6]
/home/computador/Desktop/Xilinx/Vivado/2019.2/lib/lnx64.o/librdi_common.so(+0x86eca2) [0x7f4c3994dca2]
/home/computador/Desktop/Xilinx/Vivado/2019.2/lib/lnx64.o/libtcl8.5.so(+0x334af) [0x7f4c3402e4af]
/home/computador/Desktop/Xilinx/Vivado/2019.2/lib/lnx64.o/libtcl8.5.so(+0x76875) [0x7f4c34071875]
/home/computador/Desktop/Xilinx/Vivado/2019.2/lib/lnx64.o/libtcl8.5.so(+0x7e029) [0x7f4c34079029]
/home/computador/Desktop/Xilinx/Vivado/2019.2/lib/lnx64.o/libtcl8.5.so(TclEvalObjEx+0x76) [0x7f4c34030156]
/home/computador/Desktop/Xilinx/Vivado/2019.2/lib/lnx64.o/librdi_common.so(+0x86d1b1) [0x7f4c3994c1b1]
/home/computador/Desktop/Xilinx/Vivado/2019.2/lib/lnx64.o/libtcl8.5.so(Tcl_ServiceEvent+0x7f) [0x7f4c340a2b0f]
/home/computador/Desktop/Xilinx/Vivado/2019.2/lib/lnx64.o/libtcl8.5.so(Tcl_DoOneEvent+0x154) [0x7f4c340a2e44]
/home/computador/Desktop/Xilinx/Vivado/2019.2/lib/lnx64.o/librdi_commontasks.so(+0x2da555) [0x7f4c2e9d5555]
/home/computador/Desktop/Xilinx/Vivado/2019.2/lib/lnx64.o/librdi_commontasks.so(+0x2df101) [0x7f4c2e9da101]
/home/computador/Desktop/Xilinx/Vivado/2019.2/lib/lnx64.o/librdi_commontasks.so(+0x2e011e) [0x7f4c2e9db11e]
/home/computador/Desktop/Xilinx/Vivado/2019.2/lib/lnx64.o/librdi_common.so(+0x86eca2) [0x7f4c3994dca2]
/home/computador/Desktop/Xilinx/Vivado/2019.2/lib/lnx64.o/libtcl8.5.so(+0x334af) [0x7f4c3402e4af]
/home/computador/Desktop/Xilinx/Vivado/2019.2/lib/lnx64.o/libtcl8.5.so(+0x76875) [0x7f4c34071875]
/home/computador/Desktop/Xilinx/Vivado/2019.2/lib/lnx64.o/libtcl8.5.so(+0x7e029) [0x7f4c34079029]
/home/computador/Desktop/Xilinx/Vivado/2019.2/lib/lnx64.o/libtcl8.5.so(TclEvalObjEx+0x76) [0x7f4c34030156]
/home/computador/Desktop/Xilinx/Vivado/2019.2/lib/lnx64.o/librdi_commonmain.so(+0x7af3) [0x7f4c38ed8af3]
/home/computador/Desktop/Xilinx/Vivado/2019.2/lib/lnx64.o/libtcl8.5.so(Tcl_Main+0x1d0) [0x7f4c3409b210]
/home/computador/Desktop/Xilinx/Vivado/2019.2/lib/lnx64.o/librdi_common.so(+0x8b30cb) [0x7f4c399920cb]
/lib/x86_64-linux-gnu/libpthread.so.0(+0x8609) [0x7f4c38716609]
/lib/x86_64-linux-gnu/libc.so.6(clone+0x43) [0x7f4c38850163]
